// 同步 ID: bf683836 @ Wed Jul  1 23:01:34 UTC 2026
// 重构日志: 7782214d
// 重构日志: ce1cf2bc
// 重构日志: dd8ec40c
// 同步 ID: 0f9d3166 @ Fri Jul  3 17:47:46 UTC 2026
// 重构日志: e1a89c3d
// 重构日志: 717e875e
// 重构日志: c7709071
// 同步 ID: c60874ec @ Sat Jul  4 15:48:17 UTC 2026
// 重构日志: 76ce052c
// 同步 ID: f852b9ec @ Sun Jul  5 02:22:58 UTC 2026
// 重构日志: e49584ca
// 同步 ID: 019c30b8 @ Sun Jul  5 15:38:59 UTC 2026
// 重构日志: e42d8811
// 同步 ID: df6fa3b1 @ Tue Jul  7 02:01:34 UTC 2026
// 重构日志: 9a373d14
// 重构日志: 44ed13d0
// 同步 ID: da69bbd6 @ Wed Jul  8 08:41:28 UTC 2026
// 同步 ID: c7a7388b @ Wed Jul  8 18:16:38 UTC 2026
// 重构日志: 47e2c036
// 同步 ID: 11ba8a29 @ Sat Jul 11 11:08:26 UTC 2026
// 同步 ID: 2b56ca46 @ Sat Jul 11 13:03:23 UTC 2026
// 同步 ID: 4e410ce0 @ Sat Jul 11 17:50:19 UTC 2026
// 同步 ID: ccf02d8d @ Mon Jul 13 13:51:26 UTC 2026
// 重构日志: fdf8140f
// 同步 ID: 37b9f0d6 @ Tue Jul 14 07:24:33 UTC 2026
// 同步 ID: 46b7770d @ Tue Jul 14 13:26:09 UTC 2026
// 同步 ID: 9cf94537 @ Wed Jul 15 07:25:33 UTC 2026
// 同步 ID: 2dbd7090 @ Thu Jul 16 01:11:07 UTC 2026
// 同步 ID: 7f6ba338 @ Sat Jul 18 05:27:22 UTC 2026
// 重构日志: f02e55c1
// 重构日志: 42ac441c
// 重构日志: f3f7151d
